<?xml version="1.0" encoding="UTF-8"?>
<testsuite xmlns:xsi="http://www.w3.org/2001/XMLSchema-instance" xsi:noNamespaceSchemaLocation="https://maven.apache.org/surefire/maven-surefire-plugin/xsd/surefire-test-report-3.0.xsd" version="3.0" name="com.bookfair.vendor_service.VendorServiceApplicationTests" time="7.447" tests="1" errors="0" skipped="0" failures="0">
  <properties>
[...]
</properties>
  <testcase name="contextLoads" classname="com.bookfair.vendor_service.VendorServiceApplicationTests" time="0.539">
    <system-out><![CDATA[08:38:56.225 [main] INFO org.springframework.test.context.support.AnnotationConfigContextLoaderUtils -- Could not detect default configuration classes for test class [com.bookfair.vendor_service.VendorServiceApplicationTests]: VendorServiceApplicationTests does not declare any static, non-private, non-final, nested classes annotated with @Configuration.
08:38:56.393 [main] INFO org.springframework.boot.test.context.SpringBootTestContextBootstrapper -- Found @SpringBootConfiguration com.bookfair.vendor_service.VendorServiceApplication for test class com.bookfair.vendor_service.VendorServiceApplicationTests

  .   ____          _            __ _ _
 /\\ / ___'_ __ _ _(_)_ __  __ _ \ \ \ \
( ( )\___ | '_ | '_| | '_ \/ _` | \ \ \ \
 \\/  ___)| |_)| | | | | || (_| |  ) ) ) )
  '  |____| .__|_| |_|_| |_\__, | / / / /
 =========|_|==============|___/=/_/_/_/

 :: Spring Boot ::                (v3.3.4)

2025-11-04T08:38:57.114+05:30  INFO 5652 --- [vendor-service] [           main] c.b.v.VendorServiceApplicationTests      : Starting VendorServiceApplicationTests using Java 21.0.8 with PID 5652 (started by DELL in D:\Software Architecture Project\bookfair-project\backend\vendor-service)
2025-11-04T08:38:57.116+05:30  INFO 5652 --- [vendor-service] [           main] c.b.v.VendorServiceApplicationTests      : No active profile set, falling back to 1 default profile: "default"
2025-11-04T08:38:58.384+05:30  INFO 5652 --- [vendor-service] [           main] .s.d.r.c.RepositoryConfigurationDelegate : Bootstrapping Spring Data JPA repositories in DEFAULT mode.
2025-11-04T08:38:58.458+05:30  INFO 5652 --- [vendor-service] [           main] .s.d.r.c.RepositoryConfigurationDelegate : Finished Spring Data repository scanning in 62 ms. Found 1 JPA repository interface.
2025-11-04T08:38:58.740+05:30  INFO 5652 --- [vendor-service] [           main] o.s.cloud.context.scope.GenericScope     : BeanFactory id=d8a46e49-3aa8-3217-9f5c-0633cae51f2a
2025-11-04T08:38:59.118+05:30  INFO 5652 --- [vendor-service] [           main] o.hibernate.jpa.internal.util.LogHelper  : HHH000204: Processing PersistenceUnitInfo [name: default]
2025-11-04T08:38:59.216+05:30  INFO 5652 --- [vendor-service] [           main] org.hibernate.Version                    : HHH000412: Hibernate ORM core version 6.5.3.Final
2025-11-04T08:38:59.256+05:30  INFO 5652 --- [vendor-service] [           main] o.h.c.internal.RegionFactoryInitiator    : HHH000026: Second-level cache disabled
2025-11-04T08:38:59.662+05:30  INFO 5652 --- [vendor-service] [           main] o.s.o.j.p.SpringPersistenceUnitInfo      : No LoadTimeWeaver setup: ignoring JPA class transformer
2025-11-04T08:38:59.704+05:30  INFO 5652 --- [vendor-service] [           main] com.zaxxer.hikari.HikariDataSource       : HikariPool-1 - Starting...
2025-11-04T08:39:00.015+05:30  INFO 5652 --- [vendor-service] [           main] com.zaxxer.hikari.pool.HikariPool        : HikariPool-1 - Added connection org.postgresql.jdbc.PgConnection@5ad0c70a
2025-11-04T08:39:00.018+05:30  INFO 5652 --- [vendor-service] [           main] com.zaxxer.hikari.HikariDataSource       : HikariPool-1 - Start completed.
2025-11-04T08:39:01.110+05:30  INFO 5652 --- [vendor-service] [           main] o.h.e.t.j.p.i.JtaPlatformInitiator       : HHH000489: No JTA platform available (set 'hibernate.transaction.jta.platform' to enable JTA platform integration)
2025-11-04T08:39:01.189+05:30  INFO 5652 --- [vendor-service] [           main] j.LocalContainerEntityManagerFactoryBean : Initialized JPA EntityManagerFactory for persistence unit 'default'
2025-11-04T08:39:02.602+05:30  WARN 5652 --- [vendor-service] [           main] .s.s.UserDetailsServiceAutoConfiguration : 

Using generated security password: f72d1fa5-3c7f-4d99-97ed-cd48b54009aa

This generated password is for development use only. Your security configuration must be updated before running your application in production.

2025-11-04T08:39:02.621+05:30  INFO 5652 --- [vendor-service] [           main] r$InitializeUserDetailsManagerConfigurer : Global AuthenticationManager configured with UserDetailsService bean with name inMemoryUserDetailsManager
2025-11-04T08:39:02.850+05:30  INFO 5652 --- [vendor-service] [           main] c.b.v.VendorServiceApplicationTests      : Started VendorServiceApplicationTests in 6.237 seconds (process running for 7.539)
]]></system-out>
    <system-err><![CDATA[WARNING: A Java agent has been loaded dynamically (C:\Users\DELL\.m2\repository\net\bytebuddy\byte-buddy-agent\1.14.19\byte-buddy-agent-1.14.19.jar)
WARNING: If a serviceability tool is in use, please run with -XX:+EnableDynamicAgentLoading to hide this warning
WARNING: If a serviceability tool is not in use, please run with -Djdk.instrument.traceUsage for more information
WARNING: Dynamic loading of agents will be disallowed by default in a future release
]]></system-err>
  </testcase>
</testsuite>